2025-01-28T00:57:58.068-03:00  INFO 13932 --- [HR Management System] [restartedMain] c.e.h.HrManagementSystemApplication      : Starting HrManagementSystemApplication using Java 17.0.14 with PID 13932 (C:\hr-management-system\target\classes started by jojoa in C:\hr-management-system)
2025-01-28T00:57:58.078-03:00  INFO 13932 --- [HR Management System] [restartedMain] c.e.h.HrManagementSystemApplication      : No active profile set, falling back to 1 default profile: "default"
2025-01-28T00:57:58.165-03:00  INFO 13932 --- [HR Management System] [restartedMain] .e.DevToolsPropertyDefaultsPostProcessor : Devtools property defaults active! Set 'spring.devtools.add-properties' to 'false' to disable
2025-01-28T00:57:58.167-03:00  INFO 13932 --- [HR Management System] [restartedMain] .e.DevToolsPropertyDefaultsPostProcessor : For additional web related logging consider setting the 'logging.level.web' property to 'DEBUG'
2025-01-28T00:57:59.018-03:00  INFO 13932 --- [HR Management System] [restartedMain] .s.d.r.c.RepositoryConfigurationDelegate : Bootstrapping Spring Data JPA repositories in DEFAULT mode.
2025-01-28T00:57:59.090-03:00  INFO 13932 --- [HR Management System] [restartedMain] .s.d.r.c.RepositoryConfigurationDelegate : Finished Spring Data repository scanning in 60 ms. Found 1 JPA repository interface.
2025-01-28T00:57:59.906-03:00  INFO 13932 --- [HR Management System] [restartedMain] o.s.b.w.embedded.tomcat.TomcatWebServer  : Tomcat initialized with port 8080 (http)
2025-01-28T00:57:59.924-03:00  INFO 13932 --- [HR Management System] [restartedMain] o.apache.catalina.core.StandardService   : Starting service [Tomcat]
2025-01-28T00:57:59.925-03:00  INFO 13932 --- [HR Management System] [restartedMain] o.apache.catalina.core.StandardEngine    : Starting Servlet engine: [Apache Tomcat/10.1.34]
2025-01-28T00:58:00.004-03:00  INFO 13932 --- [HR Management System] [restartedMain] o.a.c.c.C.[Tomcat].[localhost].[/]       : Initializing Spring embedded WebApplicationContext
2025-01-28T00:58:00.005-03:00  INFO 13932 --- [HR Management System] [restartedMain] w.s.c.ServletWebServerApplicationContext : Root WebApplicationContext: initialization completed in 1837 ms
2025-01-28T00:58:00.204-03:00  INFO 13932 --- [HR Management System] [restartedMain] o.hibernate.jpa.internal.util.LogHelper  : HHH000204: Processing PersistenceUnitInfo [name: default]
2025-01-28T00:58:00.318-03:00  INFO 13932 --- [HR Management System] [restartedMain] org.hibernate.Version                    : HHH000412: Hibernate ORM core version 6.6.5.Final
2025-01-28T00:58:00.362-03:00  INFO 13932 --- [HR Management System] [restartedMain] o.h.c.internal.RegionFactoryInitiator    : HHH000026: Second-level cache disabled
2025-01-28T00:58:00.734-03:00  INFO 13932 --- [HR Management System] [restartedMain] o.s.o.j.p.SpringPersistenceUnitInfo      : No LoadTimeWeaver setup: ignoring JPA class transformer
2025-01-28T00:58:00.779-03:00  INFO 13932 --- [HR Management System] [restartedMain] com.zaxxer.hikari.HikariDataSource       : HikariPool-1 - Starting...
2025-01-28T00:58:01.410-03:00  INFO 13932 --- [HR Management System] [restartedMain] com.zaxxer.hikari.pool.HikariPool        : HikariPool-1 - Added connection com.mysql.cj.jdbc.ConnectionImpl@4a31b61a
2025-01-28T00:58:01.413-03:00  INFO 13932 --- [HR Management System] [restartedMain] com.zaxxer.hikari.HikariDataSource       : HikariPool-1 - Start completed.
2025-01-28T00:58:01.502-03:00  WARN 13932 --- [HR Management System] [restartedMain] org.hibernate.orm.deprecation            : HHH90000025: MySQLDialect does not need to be specified explicitly using 'hibernate.dialect' (remove the property setting and it will be selected by default)
2025-01-28T00:58:01.533-03:00  INFO 13932 --- [HR Management System] [restartedMain] org.hibernate.orm.connections.pooling    : HHH10001005: Database info:
	Database JDBC URL [Connecting through datasource 'HikariDataSource (HikariPool-1)']
	Database driver: undefined/unknown
	Database version: 8.0.41
	Autocommit mode: undefined/unknown
	Isolation level: undefined/unknown
	Minimum pool size: undefined/unknown
	Maximum pool size: undefined/unknown
2025-01-28T00:58:02.541-03:00  INFO 13932 --- [HR Management System] [restartedMain] o.h.e.t.j.p.i.JtaPlatformInitiator       : HHH000489: No JTA platform available (set 'hibernate.transaction.jta.platform' to enable JTA platform integration)
2025-01-28T00:58:02.613-03:00  INFO 13932 --- [HR Management System] [restartedMain] j.LocalContainerEntityManagerFactoryBean : Initialized JPA EntityManagerFactory for persistence unit 'default'
2025-01-28T00:58:02.897-03:00  WARN 13932 --- [HR Management System] [restartedMain] JpaBaseConfiguration$JpaWebConfiguration : spring.jpa.open-in-view is enabled by default. Therefore, database queries may be performed during view rendering. Explicitly configure spring.jpa.open-in-view to disable this warning
2025-01-28T00:58:02.943-03:00  INFO 13932 --- [HR Management System] [restartedMain] r$InitializeUserDetailsManagerConfigurer : Global AuthenticationManager configured with UserDetailsService bean with name userDetailsManager
2025-01-28T00:58:03.524-03:00  INFO 13932 --- [HR Management System] [restartedMain] o.s.b.d.a.OptionalLiveReloadServer       : LiveReload server is running on port 35729
2025-01-28T00:58:03.569-03:00  INFO 13932 --- [HR Management System] [restartedMain] o.s.b.w.embedded.tomcat.TomcatWebServer  : Tomcat started on port 8080 (http) with context path '/'
2025-01-28T00:58:03.580-03:00  INFO 13932 --- [HR Management System] [restartedMain] c.e.h.HrManagementSystemApplication      : Started HrManagementSystemApplication in 6.178 seconds (process running for 6.823)
2025-01-28T00:58:27.293-03:00  INFO 13932 --- [HR Management System] [http-nio-8080-exec-1] o.a.c.c.C.[Tomcat].[localhost].[/]       : Initializing Spring DispatcherServlet 'dispatcherServlet'
2025-01-28T00:58:27.294-03:00  INFO 13932 --- [HR Management System] [http-nio-8080-exec-1] o.s.web.servlet.DispatcherServlet        : Initializing Servlet 'dispatcherServlet'
2025-01-28T00:58:27.295-03:00  INFO 13932 --- [HR Management System] [http-nio-8080-exec-1] o.s.web.servlet.DispatcherServlet        : Completed initialization in 1 ms
2025-01-28T01:00:20.417-03:00  WARN 13932 --- [HR Management System] [http-nio-8080-exec-10] .m.m.a.ExceptionHandlerExceptionResolver : Resolved [com.example.hr_management_system.exception.ResourceNotFoundException: Funcionário não encontrado com ID: 8]
2025-01-28T01:00:58.083-03:00  WARN 13932 --- [HR Management System] [http-nio-8080-exec-2] ration$PageModule$WarningLoggingModifier : Serializing PageImpl instances as-is is not supported, meaning that there is no guarantee about the stability of the resulting JSON structure!
	For a stable JSON structure, please use Spring Data's PagedModel (globally via @EnableSpringDataWebSupport(pageSerializationMode = VIA_DTO))
	or Spring HATEOAS and Spring Data's PagedResourcesAssembler as documented in https://docs.spring.io/spring-data/commons/reference/repositories/core-extensions.html#core.web.pageables.

2025-01-28T01:01:13.405-03:00  WARN 13932 --- [HR Management System] [http-nio-8080-exec-3] .m.m.a.ExceptionHandlerExceptionResolver : Resolved [com.example.hr_management_system.exception.ResourceNotFoundException: Funcionário não encontrado com ID: 99]
2025-01-28T01:01:25.322-03:00  WARN 13932 --- [HR Management System] [http-nio-8080-exec-4] .m.m.a.ExceptionHandlerExceptionResolver : Resolved [org.springframework.http.converter.HttpMessageNotReadableException: JSON parse error: Unexpected character (',' (code 44)): expected a value]
2025-01-28T01:01:55.615-03:00  WARN 13932 --- [HR Management System] [http-nio-8080-exec-7] .m.m.a.ExceptionHandlerExceptionResolver : Resolved [org.springframework.http.converter.HttpMessageNotReadableException: JSON parse error: Unexpected character (',' (code 44)): expected a value]
2025-01-28T01:18:38.362-03:00  INFO 13932 --- [HR Management System] [SpringApplicationShutdownHook] o.s.b.w.e.tomcat.GracefulShutdown        : Commencing graceful shutdown. Waiting for active requests to complete
2025-01-28T01:18:38.453-03:00  INFO 13932 --- [HR Management System] [tomcat-shutdown] o.s.b.w.e.tomcat.GracefulShutdown        : Graceful shutdown complete
2025-01-28T01:18:38.473-03:00  INFO 13932 --- [HR Management System] [SpringApplicationShutdownHook] j.LocalContainerEntityManagerFactoryBean : Closing JPA EntityManagerFactory for persistence unit 'default'
2025-01-28T01:18:38.489-03:00  INFO 13932 --- [HR Management System] [SpringApplicationShutdownHook] com.zaxxer.hikari.HikariDataSource       : HikariPool-1 - Shutdown initiated...
2025-01-28T01:18:38.518-03:00  INFO 13932 --- [HR Management System] [SpringApplicationShutdownHook] com.zaxxer.hikari.HikariDataSource       : HikariPool-1 - Shutdown completed.
2025-01-28T01:19:06.848-03:00  INFO 31000 --- [HR Management System] [main] c.e.h.HrManagementSystemApplicationTests : Starting HrManagementSystemApplicationTests using Java 17.0.14 with PID 31000 (started by jojoa in C:\hr-management-system)
2025-01-28T01:19:06.856-03:00  INFO 31000 --- [HR Management System] [main] c.e.h.HrManagementSystemApplicationTests : No active profile set, falling back to 1 default profile: "default"
2025-01-28T01:19:08.241-03:00  INFO 31000 --- [HR Management System] [main] .s.d.r.c.RepositoryConfigurationDelegate : Bootstrapping Spring Data JPA repositories in DEFAULT mode.
2025-01-28T01:19:08.351-03:00  INFO 31000 --- [HR Management System] [main] .s.d.r.c.RepositoryConfigurationDelegate : Finished Spring Data repository scanning in 91 ms. Found 1 JPA repository interface.
2025-01-28T01:19:09.224-03:00  INFO 31000 --- [HR Management System] [main] o.hibernate.jpa.internal.util.LogHelper  : HHH000204: Processing PersistenceUnitInfo [name: default]
2025-01-28T01:19:09.415-03:00  INFO 31000 --- [HR Management System] [main] org.hibernate.Version                    : HHH000412: Hibernate ORM core version 6.6.5.Final
2025-01-28T01:19:09.504-03:00  INFO 31000 --- [HR Management System] [main] o.h.c.internal.RegionFactoryInitiator    : HHH000026: Second-level cache disabled
2025-01-28T01:19:10.808-03:00  INFO 31000 --- [HR Management System] [main] o.s.o.j.p.SpringPersistenceUnitInfo      : No LoadTimeWeaver setup: ignoring JPA class transformer
2025-01-28T01:19:10.929-03:00  INFO 31000 --- [HR Management System] [main] com.zaxxer.hikari.HikariDataSource       : HikariPool-1 - Starting...
2025-01-28T01:19:13.152-03:00  INFO 31000 --- [HR Management System] [main] com.zaxxer.hikari.pool.HikariPool        : HikariPool-1 - Added connection com.mysql.cj.jdbc.ConnectionImpl@669c2b07
2025-01-28T01:19:13.157-03:00  INFO 31000 --- [HR Management System] [main] com.zaxxer.hikari.HikariDataSource       : HikariPool-1 - Start completed.
2025-01-28T01:19:13.419-03:00  WARN 31000 --- [HR Management System] [main] org.hibernate.orm.deprecation            : HHH90000025: MySQLDialect does not need to be specified explicitly using 'hibernate.dialect' (remove the property setting and it will be selected by default)
2025-01-28T01:19:13.490-03:00  INFO 31000 --- [HR Management System] [main] org.hibernate.orm.connections.pooling    : HHH10001005: Database info:
	Database JDBC URL [Connecting through datasource 'HikariDataSource (HikariPool-1)']
	Database driver: undefined/unknown
	Database version: 8.0.41
	Autocommit mode: undefined/unknown
	Isolation level: undefined/unknown
	Minimum pool size: undefined/unknown
	Maximum pool size: undefined/unknown
2025-01-28T01:19:16.595-03:00  INFO 31000 --- [HR Management System] [main] o.h.e.t.j.p.i.JtaPlatformInitiator       : HHH000489: No JTA platform available (set 'hibernate.transaction.jta.platform' to enable JTA platform integration)
2025-01-28T01:19:16.776-03:00  INFO 31000 --- [HR Management System] [main] j.LocalContainerEntityManagerFactoryBean : Initialized JPA EntityManagerFactory for persistence unit 'default'
2025-01-28T01:19:17.198-03:00  WARN 31000 --- [HR Management System] [main] JpaBaseConfiguration$JpaWebConfiguration : spring.jpa.open-in-view is enabled by default. Therefore, database queries may be performed during view rendering. Explicitly configure spring.jpa.open-in-view to disable this warning
2025-01-28T01:19:17.277-03:00  INFO 31000 --- [HR Management System] [main] r$InitializeUserDetailsManagerConfigurer : Global AuthenticationManager configured with UserDetailsService bean with name userDetailsManager
2025-01-28T01:19:18.368-03:00  INFO 31000 --- [HR Management System] [main] c.e.h.HrManagementSystemApplicationTests : Started HrManagementSystemApplicationTests in 12.38 seconds (process running for 14.799)
2025-01-28T01:19:19.429-03:00  INFO 31000 --- [HR Management System] [main] t.c.s.AnnotationConfigContextLoaderUtils : Could not detect default configuration classes for test class [com.example.hr_management_system.service.EmployeeServiceTest]: EmployeeServiceTest does not declare any static, non-private, non-final, nested classes annotated with @Configuration.
2025-01-28T01:19:19.446-03:00  INFO 31000 --- [HR Management System] [main] .b.t.c.SpringBootTestContextBootstrapper : Found @SpringBootConfiguration com.example.hr_management_system.HrManagementSystemApplication for test class com.example.hr_management_system.service.EmployeeServiceTest
2025-01-28T01:19:20.034-03:00  INFO 31000 --- [HR Management System] [SpringApplicationShutdownHook] j.LocalContainerEntityManagerFactoryBean : Closing JPA EntityManagerFactory for persistence unit 'default'
2025-01-28T01:19:20.037-03:00  INFO 31000 --- [HR Management System] [SpringApplicationShutdownHook] com.zaxxer.hikari.HikariDataSource       : HikariPool-1 - Shutdown initiated...
2025-01-28T01:19:20.058-03:00  INFO 31000 --- [HR Management System] [SpringApplicationShutdownHook] com.zaxxer.hikari.HikariDataSource       : HikariPool-1 - Shutdown completed.
